{
  "RSpec": {
    "coverage": {
      "/Users/mariavanaale/Projects/tech_test/ruby_pr/spec/review_spec.rb": [
        1,
        null,
        1,
        null,
        null,
        null,
        null,
        null,
        null,
        1,
        1,
        1,
        1,
        null,
        null
      ],
      "/Users/mariavanaale/Projects/tech_test/ruby_pr/lib/review.rb": [
        null,
        null,
        null,
        1,
        1,
        1,
        null,
        null
      ]
    },
    "timestamp": 1558620614
  }
}
